<?xml version="1.0" encoding="UTF-8"?>
<!-- Generated by org.testng.reporters.JUnitReportReporter -->
<testsuite hostname="PACLAP-078" failures="0" tests="2" name="Streams1" time="0.021" errors="0" timestamp="2024-05-30T15:15:42 IST" skipped="0">
  <testcase classname="Streams1" name="streamFilter" time="0.015"/>
  <testcase classname="Streams1" name="streamMap" time="0.006"/>
</testsuite> <!-- Streams1 -->
